<?xml version="1.0" encoding="UTF-8"?>
<!-- Generated by org.testng.reporters.JUnitXMLReporter -->
<testsuite ignored="0" hostname="DESKTOP-7NDNMKO" failures="0" tests="4" name="Chrome" time="11.915" errors="0" timestamp="2026-04-22T12:32:47 IST">
  <testcase classname="com.qa.usermanagement.tests.LoginTest" name="loginSmokeTest" time="0.412"/>
  <testcase classname="com.qa.usermanagement.tests.RegisterationTest" name="registationPgSmokeTest" time="0.529"/>
  <testcase classname="com.qa.usermanagement.tests.RegisterationTest" name="createUser" time="1.287"/>
  <testcase classname="com.qa.usermanagement.tests.LoginTest" name="validateLogin" time="0.571"/>
</testsuite> <!-- Chrome -->
