<?xml version="1.0" encoding="UTF-8"?>
<!-- Generated by org.testng.reporters.JUnitXMLReporter -->
<testsuite ignored="0" hostname="DESKTOP-7NDNMKO" failures="0" tests="4" name="Firefox" time="14.408" errors="0" timestamp="2026-04-22T12:32:49 IST">
  <testcase classname="com.qa.usermanagement.tests.LoginTest" name="loginSmokeTest" time="0.292"/>
  <testcase classname="com.qa.usermanagement.tests.RegisterationTest" name="registationPgSmokeTest" time="0.265"/>
  <testcase classname="com.qa.usermanagement.tests.RegisterationTest" name="createUser" time="0.339"/>
  <testcase classname="com.qa.usermanagement.tests.LoginTest" name="validateLogin" time="0.191"/>
</testsuite> <!-- Firefox -->
