<?xml version="1.0" encoding="UTF-8"?>
<!-- Generated by org.testng.reporters.JUnitXMLReporter -->
<testsuite ignored="0" hostname="DESKTOP-7NDNMKO" failures="0" tests="6" name="Default test" time="6.795" errors="0" timestamp="2026-04-22T11:13:09 IST">
  <testcase classname="com.qa.usermanagement.tests.RegisterationTest" name="registationPgSmokeTest" time="0.271"/>
  <testcase classname="com.qa.usermanagement.tests.RegisterationTest" name="createUser" time="0.708"/>
  <testcase classname="com.qa.usermanagement.tests.RegisterationTest" name="createUser" time="0.53"/>
  <testcase classname="com.qa.usermanagement.tests.RegisterationTest" name="createUser" time="0.514"/>
  <testcase classname="com.qa.usermanagement.tests.RegisterationTest" name="createUser" time="0.439"/>
  <testcase classname="com.qa.usermanagement.tests.RegisterationTest" name="createUser" time="0.433"/>
</testsuite> <!-- Default test -->
