<?xml version="1.0" encoding="UTF-8"?>
<!-- Generated by org.testng.reporters.JUnitXMLReporter -->
<testsuite ignored="0" hostname="DESKTOP-7NDNMKO" failures="0" tests="8" name="Test" time="9.85" errors="0" timestamp="2026-04-22T11:14:13 IST">
  <testcase classname="com.qa.usermanagement.tests.LoginTest" name="loginSmokeTest" time="0.24"/>
  <testcase classname="com.qa.usermanagement.tests.LoginTest" name="validateLogin" time="0.233"/>
  <testcase classname="com.qa.usermanagement.tests.RegisterationTest" name="registationPgSmokeTest" time="0.298"/>
  <testcase classname="com.qa.usermanagement.tests.RegisterationTest" name="createUser" time="0.467"/>
  <testcase classname="com.qa.usermanagement.tests.RegisterationTest" name="createUser" time="0.415"/>
  <testcase classname="com.qa.usermanagement.tests.RegisterationTest" name="createUser" time="0.372"/>
  <testcase classname="com.qa.usermanagement.tests.RegisterationTest" name="createUser" time="0.389"/>
  <testcase classname="com.qa.usermanagement.tests.RegisterationTest" name="createUser" time="0.415"/>
</testsuite> <!-- Test -->
