<?xml version="1.0" encoding="UTF-8"?>
<testsuite xmlns:xsi="http://www.w3.org/2001/XMLSchema-instance" xsi:noNamespaceSchemaLocation="https://maven.apache.org/surefire/maven-surefire-plugin/xsd/surefire-test-report.xsd" version="3.0.2" name="TestSuite" time="37.688" tests="4" errors="0" skipped="0" failures="0" flakes="0">
  <properties>
[...]
</properties>
  <testcase name="loginSmokeTest" classname="com.qa.usermanagement.tests.LoginTest" time="0.671">
    <system-out><![CDATA[The passed browser name is	chrome
Running chrome browser in headless mode
2026-05-06 11:15:10] INFO  BaseTest:L - Browser has been launched with parameters	chrome	true	false
The entered url is	https://demoapps.qspiders.com/user-management/login
2026-05-06 11:15:17] INFO  BaseTest:L - Browser has been entered with url	https://demoapps.qspiders.com/user-management/login
usnElementFlag is true 	|checkUsnElementDisplayed passed
pswElementFlag is true 	|checkPswElementDisplayed passed
loginElementFlag is true 	|checkLoginElementDisplayed passed
createAccElementFlag is true 	|checkCreateAccElementDisplayed passed
usnElementFlag1 is true 	|checkUsnElementEnabled passed
pswElementFlag1 is true 	|checkPswElementEnabled passed
loginElementFlag1 is true 	|checkLoginElementEnabled passed
createAccElementFlag1 is true 	|checkCreateAccElementEnabled passed
]]></system-out>
    <system-err><![CDATA[SLF4J(W): No SLF4J providers were found.
SLF4J(W): Defaulting to no-operation (NOP) logger implementation
SLF4J(W): See https://www.slf4j.org/codes.html#noProviders for further details.
]]></system-err>
  </testcase>
  <testcase name="validateLogin" classname="com.qa.usermanagement.tests.LoginTest" time="0.488"/>
  <testcase name="registationPgSmokeTest" classname="com.qa.usermanagement.tests.RegisterationTest" time="1.343">
    <system-out><![CDATA[Terminating browser after all test classes executed
2026-05-06 11:15:18] INFO  BaseTest:L - Browser is terminated
The passed browser name is	chrome
Running chrome browser in headless mode
2026-05-06 11:15:19] INFO  BaseTest:L - Browser has been launched with parameters	chrome	true	false
The entered url is	https://demoapps.qspiders.com/user-management/login
2026-05-06 11:15:28] INFO  BaseTest:L - Browser has been entered with url	https://demoapps.qspiders.com/user-management/login
checkUsnElementDisplayed | Passed
checkUsnElementENabled | Passed
]]></system-out>
  </testcase>
  <testcase name="createUser[leopoldo.skiles, Dr. Jorge Ratke, gilberte.koepp@yahoo.com, 5ORAA3N](1)" classname="com.qa.usermanagement.tests.RegisterationTest" time="3.168">
    <system-out><![CDATA[The entered is :		userName :leopoldo.skiles	fullName :Dr. Jorge Ratke	email :gilberte.koepp@yahoo.com	password :5ORAA3N
Text value of registrationSuccess is	Registration Successfully
]]></system-out>
  </testcase>
</testsuite>