<?xml version="1.0" encoding="UTF-8"?>
<!-- Generated by org.testng.reporters.JUnitXMLReporter -->
<testsuite ignored="0" hostname="MSI" failures="0" tests="4" name="Chrome" time="30.762" errors="0" timestamp="2026-05-06T11:15:35 IST">
  <testcase classname="com.qa.usermanagement.tests.LoginTest" name="loginSmokeTest" time="0.477"/>
  <testcase classname="com.qa.usermanagement.tests.LoginTest" name="validateLogin" time="0.478"/>
  <testcase classname="com.qa.usermanagement.tests.RegisterationTest" name="registationPgSmokeTest" time="1.335"/>
  <testcase classname="com.qa.usermanagement.tests.RegisterationTest" name="createUser" time="3.148"/>
</testsuite> <!-- Chrome -->
