<?xml version="1.0" encoding="UTF-8"?>
<!-- Generated by org.testng.reporters.JUnitXMLReporter -->
<testsuite ignored="0" hostname="MSI" failures="1" tests="14" name="Firefox" time="14.547" errors="0" timestamp="2026-05-05T12:46:53 IST">
  <testcase classname="com.qa.usermanagement.tests.LoginTest" name="loginSmokeTest" time="0.32"/>
  <testcase classname="com.qa.usermanagement.tests.LoginTest" name="validateLogin" time="0.286">
    <skipped/>
  </testcase> <!-- validateLogin -->
  <testcase classname="com.qa.usermanagement.tests.LoginTest" name="validateLogin" time="0.293">
    <skipped/>
  </testcase> <!-- validateLogin -->
  <testcase classname="com.qa.usermanagement.tests.LoginTest" name="validateLogin" time="0.409">
    <skipped/>
  </testcase> <!-- validateLogin -->
  <testcase classname="com.qa.usermanagement.tests.LoginTest" name="validateLogin" time="0.372">
    <skipped/>
  </testcase> <!-- validateLogin -->
  <testcase classname="com.qa.usermanagement.tests.LoginTest" name="validateLogin" time="0.483">
    <skipped/>
  </testcase> <!-- validateLogin -->
  <testcase classname="com.qa.usermanagement.tests.LoginTest" name="validateLogin" time="0.424">
    <skipped/>
  </testcase> <!-- validateLogin -->
  <testcase classname="com.qa.usermanagement.tests.LoginTest" name="validateLogin" time="0.442">
    <skipped/>
  </testcase> <!-- validateLogin -->
  <testcase classname="com.qa.usermanagement.tests.LoginTest" name="validateLogin" time="0.449">
    <skipped/>
  </testcase> <!-- validateLogin -->
  <testcase classname="com.qa.usermanagement.tests.LoginTest" name="validateLogin" time="0.376">
    <skipped/>
  </testcase> <!-- validateLogin -->
  <testcase classname="com.qa.usermanagement.tests.LoginTest" name="validateLogin" time="0.399">
    <skipped/>
  </testcase> <!-- validateLogin -->
  <testcase classname="com.qa.usermanagement.tests.LoginTest" name="validateLogin" time="0.443">
    <failure type="java.lang.AssertionError" message="null">
      <![CDATA[java.lang.AssertionError: null
at com.qa.usermanagement.tests.LoginTest.validateLogin(LoginTest.java:88)
at java.base/java.util.ArrayList.forEach(ArrayList.java:1596)
... Removed 31 stack frames]]>
    </failure>
  </testcase> <!-- validateLogin -->
  <testcase classname="com.qa.usermanagement.tests.RegisterationTest" name="registationPgSmokeTest" time="0.395"/>
  <testcase classname="com.qa.usermanagement.tests.RegisterationTest" name="createUser" time="0.642"/>
</testsuite> <!-- Firefox -->
