<?xml version="1.0" encoding="UTF-8"?>
<testng-results ignored="0" total="8" passed="8" failed="0" skipped="0">
  <reporter-output>
    <line>
      <![CDATA[The passed browser name ischrome]]>
    </line>
    <line>
      <![CDATA[The passed browser name isfirefox]]>
    </line>
    <line>
      <![CDATA[Running chrome browser in private mode]]>
    </line>
    <line>
      <![CDATA[Running firefox browser in headless mode]]>
    </line>
    <line>
      <![CDATA[Running firefox browser in private mode]]>
    </line>
    <line>
      <![CDATA[The entered url ishttps://demoapps.qspiders.com/user-management/login]]>
    </line>
    <line>
      <![CDATA[The entered url ishttps://demoapps.qspiders.com/user-management/login]]>
    </line>
    <line>
      <![CDATA[usnElementFlag is true |checkUsnElementDisplayed passed]]>
    </line>
    <line>
      <![CDATA[pswElementFlag is true |checkPswElementDisplayed passed]]>
    </line>
    <line>
      <![CDATA[loginElementFlag is true |checkLoginElementDisplayed passed]]>
    </line>
    <line>
      <![CDATA[createAccElementFlag is true |checkCreateAccElementDisplayed passed]]>
    </line>
    <line>
      <![CDATA[usnElementFlag1 is true |checkUsnElementEnabled passed]]>
    </line>
    <line>
      <![CDATA[pswElementFlag1 is true |checkPswElementEnabled passed]]>
    </line>
    <line>
      <![CDATA[loginElementFlag1 is true |checkLoginElementEnabled passed]]>
    </line>
    <line>
      <![CDATA[createAccElementFlag1 is true |checkCreateAccElementEnabled passed]]>
    </line>
    <line>
      <![CDATA[The passed browser name ischrome]]>
    </line>
    <line>
      <![CDATA[Running chrome browser in private mode]]>
    </line>
    <line>
      <![CDATA[The entered url ishttps://demoapps.qspiders.com/user-management/login]]>
    </line>
    <line>
      <![CDATA[usnElementFlag is true |checkUsnElementDisplayed passed]]>
    </line>
    <line>
      <![CDATA[pswElementFlag is true |checkPswElementDisplayed passed]]>
    </line>
    <line>
      <![CDATA[loginElementFlag is true |checkLoginElementDisplayed passed]]>
    </line>
    <line>
      <![CDATA[createAccElementFlag is true |checkCreateAccElementDisplayed passed]]>
    </line>
    <line>
      <![CDATA[usnElementFlag1 is true |checkUsnElementEnabled passed]]>
    </line>
    <line>
      <![CDATA[pswElementFlag1 is true |checkPswElementEnabled passed]]>
    </line>
    <line>
      <![CDATA[loginElementFlag1 is true |checkLoginElementEnabled passed]]>
    </line>
    <line>
      <![CDATA[createAccElementFlag1 is true |checkCreateAccElementEnabled passed]]>
    </line>
    <line>
      <![CDATA[The passed browser name isfirefox]]>
    </line>
    <line>
      <![CDATA[Running firefox browser in headless mode]]>
    </line>
    <line>
      <![CDATA[Running firefox browser in private mode]]>
    </line>
    <line>
      <![CDATA[checkUsnElementDisplayed | Passed]]>
    </line>
    <line>
      <![CDATA[checkUsnElementENabled | Passed]]>
    </line>
    <line>
      <![CDATA[The entered is :userName :duane.bergefullName :Venetta Kovacekemail :houston.rutherford@gmail.compassword :*#yAzQ]]>
    </line>
    <line>
      <![CDATA[The entered url ishttps://demoapps.qspiders.com/user-management/login]]>
    </line>
    <line>
      <![CDATA[Text value of registrationSuccess isRegistration Successfully]]>
    </line>
    <line>
      <![CDATA[Terminating browser after all test classes executed]]>
    </line>
    <line>
      <![CDATA[Terminating browser after all test classes executed]]>
    </line>
    <line>
      <![CDATA[checkUsnElementDisplayed | Passed]]>
    </line>
    <line>
      <![CDATA[checkUsnElementENabled | Passed]]>
    </line>
    <line>
      <![CDATA[The entered is :userName :lonnie.fadelfullName :Mrs. Dalene Jacobiemail :betsey.cormier@hotmail.compassword :8^%TS5&]]>
    </line>
    <line>
      <![CDATA[Text value of registrationSuccess isRegistration Successfully]]>
    </line>
    <line>
      <![CDATA[Terminating browser after all test classes executed]]>
    </line>
    <line>
      <![CDATA[Terminating browser after all test classes executed]]>
    </line>
  </reporter-output>
  <suite started-at="2026-04-22T12:32:35 IST" name="RegressionSuite" finished-at="2026-04-22T12:32:49 IST" duration-ms="14408">
    <groups>
    </groups>
    <test started-at="2026-04-22T12:32:35 IST" name="Chrome" finished-at="2026-04-22T12:32:47 IST" duration-ms="11915">
      <class name="com.qa.usermanagement.tests.RegisterationTest">
        <test-method is-config="true" signature="launchApplication(java.lang.String,java.lang.String,java.lang.String)[pri:0, instance:com.qa.usermanagement.tests.RegisterationTest@69fb6037]" started-at="2026-04-22T12:32:40 IST" name="launchApplication" finished-at="2026-04-22T12:32:43 IST" duration-ms="3485" status="PASS">
          <params>
            <param index="0">
              <value>
                <![CDATA[chrome]]>
              </value>
            </param>
            <param index="1">
              <value>
                <![CDATA[false]]>
              </value>
            </param>
            <param index="2">
              <value>
                <![CDATA[true]]>
              </value>
            </param>
          </params>
          <reporter-output>
            <line>
              <![CDATA[The passed browser name ischrome]]>
            </line>
            <line>
              <![CDATA[Running chrome browser in private mode]]>
            </line>
            <line>
              <![CDATA[The entered url ishttps://demoapps.qspiders.com/user-management/login]]>
            </line>
          </reporter-output>
        </test-method> <!-- launchApplication -->
        <test-method is-config="true" signature="getIntoRegistarationPage()[pri:0, instance:com.qa.usermanagement.tests.RegisterationTest@69fb6037]" started-at="2026-04-22T12:32:43 IST" name="getIntoRegistarationPage" finished-at="2026-04-22T12:32:43 IST" duration-ms="189" status="PASS">
          <reporter-output>
          </reporter-output>
        </test-method> <!-- getIntoRegistarationPage -->
        <test-method signature="registationPgSmokeTest()[pri:-2147483648, instance:com.qa.usermanagement.tests.RegisterationTest@69fb6037]" started-at="2026-04-22T12:32:43 IST" name="registationPgSmokeTest" finished-at="2026-04-22T12:32:44 IST" duration-ms="529" status="PASS">
          <reporter-output>
            <line>
              <![CDATA[checkUsnElementDisplayed | Passed]]>
            </line>
            <line>
              <![CDATA[checkUsnElementENabled | Passed]]>
            </line>
          </reporter-output>
        </test-method> <!-- registationPgSmokeTest -->
        <test-method is-config="true" signature="attachScreenshot(org.testng.ITestResult)[pri:0, instance:com.qa.usermanagement.tests.RegisterationTest@69fb6037]" started-at="2026-04-22T12:32:44 IST" name="attachScreenshot" finished-at="2026-04-22T12:32:44 IST" duration-ms="1" status="PASS">
          <params>
            <param index="0">
              <value>
                <![CDATA[[TestResult name=registationPgSmokeTest status=SUCCESS method=RegisterationTest.registationPgSmokeTest()[pri:-2147483648, instance:com.qa.usermanagement.tests.RegisterationTest@69fb6037] output=checkUsnElementDisplayed | Passed]]]>
              </value>
            </param>
          </params>
          <reporter-output>
          </reporter-output>
        </test-method> <!-- attachScreenshot -->
        <test-method signature="createUser(java.lang.String,java.lang.String,java.lang.String,java.lang.String)[pri:0, instance:com.qa.usermanagement.tests.RegisterationTest@69fb6037]" started-at="2026-04-22T12:32:44 IST" name="createUser" data-provider="generateData" finished-at="2026-04-22T12:32:45 IST" depends-on-methods="com.qa.usermanagement.tests.RegisterationTest.registationPgSmokeTest" duration-ms="1287" status="PASS">
          <params>
            <param index="0">
              <value>
                <![CDATA[duane.berge]]>
              </value>
            </param>
            <param index="1">
              <value>
                <![CDATA[Venetta Kovacek]]>
              </value>
            </param>
            <param index="2">
              <value>
                <![CDATA[houston.rutherford@gmail.com]]>
              </value>
            </param>
            <param index="3">
              <value>
                <![CDATA[*#yAzQ]]>
              </value>
            </param>
          </params>
          <reporter-output>
            <line>
              <![CDATA[The entered is :userName :duane.bergefullName :Venetta Kovacekemail :houston.rutherford@gmail.compassword :*#yAzQ]]>
            </line>
            <line>
              <![CDATA[Text value of registrationSuccess isRegistration Successfully]]>
            </line>
          </reporter-output>
        </test-method> <!-- createUser -->
        <test-method is-config="true" signature="attachScreenshot(org.testng.ITestResult)[pri:0, instance:com.qa.usermanagement.tests.RegisterationTest@69fb6037]" started-at="2026-04-22T12:32:45 IST" name="attachScreenshot" finished-at="2026-04-22T12:32:45 IST" duration-ms="0" status="PASS">
          <params>
            <param index="0">
              <value>
                <![CDATA[[TestResult name=createUser status=SUCCESS method=RegisterationTest.createUser(java.lang.String,java.lang.String,java.lang.String,java.lang.String)[pri:0, instance:com.qa.usermanagement.tests.RegisterationTest@69fb6037] output=The entered is :userName :duane.bergefullName :Venetta Kovacekemail :houston.rutherford@gmail.compassword :*#yAzQ]]]>
              </value>
            </param>
          </params>
          <reporter-output>
          </reporter-output>
        </test-method> <!-- attachScreenshot -->
        <test-method is-config="true" signature="tearDownBrowser()[pri:0, instance:com.qa.usermanagement.tests.RegisterationTest@69fb6037]" started-at="2026-04-22T12:32:45 IST" name="tearDownBrowser" finished-at="2026-04-22T12:32:46 IST" duration-ms="418" status="PASS">
          <reporter-output>
            <line>
              <![CDATA[Terminating browser after all test classes executed]]>
            </line>
          </reporter-output>
        </test-method> <!-- tearDownBrowser -->
      </class> <!-- com.qa.usermanagement.tests.RegisterationTest -->
      <class name="com.qa.usermanagement.tests.LoginTest">
        <test-method is-config="true" signature="launchApplication(java.lang.String,java.lang.String,java.lang.String)[pri:0, instance:com.qa.usermanagement.tests.LoginTest@6236eb5f]" started-at="2026-04-22T12:32:35 IST" name="launchApplication" finished-at="2026-04-22T12:32:39 IST" duration-ms="4407" status="PASS">
          <params>
            <param index="0">
              <value>
                <![CDATA[chrome]]>
              </value>
            </param>
            <param index="1">
              <value>
                <![CDATA[false]]>
              </value>
            </param>
            <param index="2">
              <value>
                <![CDATA[true]]>
              </value>
            </param>
          </params>
          <reporter-output>
            <line>
              <![CDATA[The passed browser name ischrome]]>
            </line>
            <line>
              <![CDATA[Running chrome browser in private mode]]>
            </line>
            <line>
              <![CDATA[The entered url ishttps://demoapps.qspiders.com/user-management/login]]>
            </line>
          </reporter-output>
        </test-method> <!-- launchApplication -->
        <test-method signature="loginSmokeTest()[pri:-2147483648, instance:com.qa.usermanagement.tests.LoginTest@6236eb5f]" started-at="2026-04-22T12:32:39 IST" name="loginSmokeTest" finished-at="2026-04-22T12:32:40 IST" duration-ms="412" status="PASS">
          <reporter-output>
            <line>
              <![CDATA[usnElementFlag is true |checkUsnElementDisplayed passed]]>
            </line>
            <line>
              <![CDATA[pswElementFlag is true |checkPswElementDisplayed passed]]>
            </line>
            <line>
              <![CDATA[loginElementFlag is true |checkLoginElementDisplayed passed]]>
            </line>
            <line>
              <![CDATA[createAccElementFlag is true |checkCreateAccElementDisplayed passed]]>
            </line>
            <line>
              <![CDATA[usnElementFlag1 is true |checkUsnElementEnabled passed]]>
            </line>
            <line>
              <![CDATA[pswElementFlag1 is true |checkPswElementEnabled passed]]>
            </line>
            <line>
              <![CDATA[loginElementFlag1 is true |checkLoginElementEnabled passed]]>
            </line>
            <line>
              <![CDATA[createAccElementFlag1 is true |checkCreateAccElementEnabled passed]]>
            </line>
          </reporter-output>
        </test-method> <!-- loginSmokeTest -->
        <test-method is-config="true" signature="attachScreenshot(org.testng.ITestResult)[pri:0, instance:com.qa.usermanagement.tests.LoginTest@6236eb5f]" started-at="2026-04-22T12:32:40 IST" name="attachScreenshot" finished-at="2026-04-22T12:32:40 IST" duration-ms="2" status="PASS">
          <params>
            <param index="0">
              <value>
                <![CDATA[[TestResult name=loginSmokeTest status=SUCCESS method=LoginTest.loginSmokeTest()[pri:-2147483648, instance:com.qa.usermanagement.tests.LoginTest@6236eb5f] output=usnElementFlag is true |checkUsnElementDisplayed passed]]]>
              </value>
            </param>
          </params>
          <reporter-output>
          </reporter-output>
        </test-method> <!-- attachScreenshot -->
        <test-method signature="validateLogin()[pri:0, instance:com.qa.usermanagement.tests.LoginTest@6236eb5f]" started-at="2026-04-22T12:32:46 IST" name="validateLogin" finished-at="2026-04-22T12:32:46 IST" depends-on-methods="com.qa.usermanagement.tests.LoginTest.loginSmokeTest" duration-ms="571" status="PASS">
          <reporter-output>
          </reporter-output>
        </test-method> <!-- validateLogin -->
        <test-method is-config="true" signature="attachScreenshot(org.testng.ITestResult)[pri:0, instance:com.qa.usermanagement.tests.LoginTest@6236eb5f]" started-at="2026-04-22T12:32:46 IST" name="attachScreenshot" finished-at="2026-04-22T12:32:46 IST" duration-ms="1" status="PASS">
          <params>
            <param index="0">
              <value>
                <![CDATA[[TestResult name=validateLogin status=SUCCESS method=LoginTest.validateLogin()[pri:0, instance:com.qa.usermanagement.tests.LoginTest@6236eb5f] output={null}]]]>
              </value>
            </param>
          </params>
          <reporter-output>
          </reporter-output>
        </test-method> <!-- attachScreenshot -->
        <test-method is-config="true" signature="tearDownBrowser()[pri:0, instance:com.qa.usermanagement.tests.LoginTest@6236eb5f]" started-at="2026-04-22T12:32:46 IST" name="tearDownBrowser" finished-at="2026-04-22T12:32:47 IST" duration-ms="304" status="PASS">
          <reporter-output>
            <line>
              <![CDATA[Terminating browser after all test classes executed]]>
            </line>
          </reporter-output>
        </test-method> <!-- tearDownBrowser -->
      </class> <!-- com.qa.usermanagement.tests.LoginTest -->
    </test> <!-- Chrome -->
    <test started-at="2026-04-22T12:32:35 IST" name="Firefox" finished-at="2026-04-22T12:32:49 IST" duration-ms="14408">
      <class name="com.qa.usermanagement.tests.RegisterationTest">
        <test-method is-config="true" signature="launchApplication(java.lang.String,java.lang.String,java.lang.String)[pri:0, instance:com.qa.usermanagement.tests.RegisterationTest@3daf7722]" started-at="2026-04-22T12:32:42 IST" name="launchApplication" finished-at="2026-04-22T12:32:47 IST" duration-ms="5027" status="PASS">
          <params>
            <param index="0">
              <value>
                <![CDATA[firefox]]>
              </value>
            </param>
            <param index="1">
              <value>
                <![CDATA[true]]>
              </value>
            </param>
            <param index="2">
              <value>
                <![CDATA[true]]>
              </value>
            </param>
          </params>
          <reporter-output>
            <line>
              <![CDATA[The passed browser name isfirefox]]>
            </line>
            <line>
              <![CDATA[Running firefox browser in headless mode]]>
            </line>
            <line>
              <![CDATA[Running firefox browser in private mode]]>
            </line>
            <line>
              <![CDATA[The entered url ishttps://demoapps.qspiders.com/user-management/login]]>
            </line>
          </reporter-output>
        </test-method> <!-- launchApplication -->
        <test-method is-config="true" signature="getIntoRegistarationPage()[pri:0, instance:com.qa.usermanagement.tests.RegisterationTest@3daf7722]" started-at="2026-04-22T12:32:47 IST" name="getIntoRegistarationPage" finished-at="2026-04-22T12:32:47 IST" duration-ms="152" status="PASS">
          <reporter-output>
          </reporter-output>
        </test-method> <!-- getIntoRegistarationPage -->
        <test-method signature="registationPgSmokeTest()[pri:-2147483648, instance:com.qa.usermanagement.tests.RegisterationTest@3daf7722]" started-at="2026-04-22T12:32:47 IST" name="registationPgSmokeTest" finished-at="2026-04-22T12:32:47 IST" duration-ms="265" status="PASS">
          <reporter-output>
            <line>
              <![CDATA[checkUsnElementDisplayed | Passed]]>
            </line>
            <line>
              <![CDATA[checkUsnElementENabled | Passed]]>
            </line>
          </reporter-output>
        </test-method> <!-- registationPgSmokeTest -->
        <test-method is-config="true" signature="attachScreenshot(org.testng.ITestResult)[pri:0, instance:com.qa.usermanagement.tests.RegisterationTest@3daf7722]" started-at="2026-04-22T12:32:47 IST" name="attachScreenshot" finished-at="2026-04-22T12:32:47 IST" duration-ms="1" status="PASS">
          <params>
            <param index="0">
              <value>
                <![CDATA[[TestResult name=registationPgSmokeTest status=SUCCESS method=RegisterationTest.registationPgSmokeTest()[pri:-2147483648, instance:com.qa.usermanagement.tests.RegisterationTest@3daf7722] output=checkUsnElementDisplayed | Passed]]]>
              </value>
            </param>
          </params>
          <reporter-output>
          </reporter-output>
        </test-method> <!-- attachScreenshot -->
        <test-method signature="createUser(java.lang.String,java.lang.String,java.lang.String,java.lang.String)[pri:0, instance:com.qa.usermanagement.tests.RegisterationTest@3daf7722]" started-at="2026-04-22T12:32:47 IST" name="createUser" data-provider="generateData" finished-at="2026-04-22T12:32:48 IST" depends-on-methods="com.qa.usermanagement.tests.RegisterationTest.registationPgSmokeTest" duration-ms="339" status="PASS">
          <params>
            <param index="0">
              <value>
                <![CDATA[lonnie.fadel]]>
              </value>
            </param>
            <param index="1">
              <value>
                <![CDATA[Mrs. Dalene Jacobi]]>
              </value>
            </param>
            <param index="2">
              <value>
                <![CDATA[betsey.cormier@hotmail.com]]>
              </value>
            </param>
            <param index="3">
              <value>
                <![CDATA[8^%TS5&]]>
              </value>
            </param>
          </params>
          <reporter-output>
            <line>
              <![CDATA[The entered is :userName :lonnie.fadelfullName :Mrs. Dalene Jacobiemail :betsey.cormier@hotmail.compassword :8^%TS5&]]>
            </line>
            <line>
              <![CDATA[Text value of registrationSuccess isRegistration Successfully]]>
            </line>
          </reporter-output>
        </test-method> <!-- createUser -->
        <test-method is-config="true" signature="attachScreenshot(org.testng.ITestResult)[pri:0, instance:com.qa.usermanagement.tests.RegisterationTest@3daf7722]" started-at="2026-04-22T12:32:48 IST" name="attachScreenshot" finished-at="2026-04-22T12:32:48 IST" duration-ms="0" status="PASS">
          <params>
            <param index="0">
              <value>
                <![CDATA[[TestResult name=createUser status=SUCCESS method=RegisterationTest.createUser(java.lang.String,java.lang.String,java.lang.String,java.lang.String)[pri:0, instance:com.qa.usermanagement.tests.RegisterationTest@3daf7722] output=The entered is :userName :lonnie.fadelfullName :Mrs. Dalene Jacobiemail :betsey.cormier@hotmail.compassword :8^%TS5&]]]>
              </value>
            </param>
          </params>
          <reporter-output>
          </reporter-output>
        </test-method> <!-- attachScreenshot -->
        <test-method is-config="true" signature="tearDownBrowser()[pri:0, instance:com.qa.usermanagement.tests.RegisterationTest@3daf7722]" started-at="2026-04-22T12:32:48 IST" name="tearDownBrowser" finished-at="2026-04-22T12:32:48 IST" duration-ms="673" status="PASS">
          <reporter-output>
            <line>
              <![CDATA[Terminating browser after all test classes executed]]>
            </line>
          </reporter-output>
        </test-method> <!-- tearDownBrowser -->
      </class> <!-- com.qa.usermanagement.tests.RegisterationTest -->
      <class name="com.qa.usermanagement.tests.LoginTest">
        <test-method is-config="true" signature="launchApplication(java.lang.String,java.lang.String,java.lang.String)[pri:0, instance:com.qa.usermanagement.tests.LoginTest@5f354bcf]" started-at="2026-04-22T12:32:35 IST" name="launchApplication" finished-at="2026-04-22T12:32:42 IST" duration-ms="6716" status="PASS">
          <params>
            <param index="0">
              <value>
                <![CDATA[firefox]]>
              </value>
            </param>
            <param index="1">
              <value>
                <![CDATA[true]]>
              </value>
            </param>
            <param index="2">
              <value>
                <![CDATA[true]]>
              </value>
            </param>
          </params>
          <reporter-output>
            <line>
              <![CDATA[The passed browser name isfirefox]]>
            </line>
            <line>
              <![CDATA[Running firefox browser in headless mode]]>
            </line>
            <line>
              <![CDATA[Running firefox browser in private mode]]>
            </line>
            <line>
              <![CDATA[The entered url ishttps://demoapps.qspiders.com/user-management/login]]>
            </line>
          </reporter-output>
        </test-method> <!-- launchApplication -->
        <test-method signature="loginSmokeTest()[pri:-2147483648, instance:com.qa.usermanagement.tests.LoginTest@5f354bcf]" started-at="2026-04-22T12:32:42 IST" name="loginSmokeTest" finished-at="2026-04-22T12:32:42 IST" duration-ms="292" status="PASS">
          <reporter-output>
            <line>
              <![CDATA[usnElementFlag is true |checkUsnElementDisplayed passed]]>
            </line>
            <line>
              <![CDATA[pswElementFlag is true |checkPswElementDisplayed passed]]>
            </line>
            <line>
              <![CDATA[loginElementFlag is true |checkLoginElementDisplayed passed]]>
            </line>
            <line>
              <![CDATA[createAccElementFlag is true |checkCreateAccElementDisplayed passed]]>
            </line>
            <line>
              <![CDATA[usnElementFlag1 is true |checkUsnElementEnabled passed]]>
            </line>
            <line>
              <![CDATA[pswElementFlag1 is true |checkPswElementEnabled passed]]>
            </line>
            <line>
              <![CDATA[loginElementFlag1 is true |checkLoginElementEnabled passed]]>
            </line>
            <line>
              <![CDATA[createAccElementFlag1 is true |checkCreateAccElementEnabled passed]]>
            </line>
          </reporter-output>
        </test-method> <!-- loginSmokeTest -->
        <test-method is-config="true" signature="attachScreenshot(org.testng.ITestResult)[pri:0, instance:com.qa.usermanagement.tests.LoginTest@5f354bcf]" started-at="2026-04-22T12:32:42 IST" name="attachScreenshot" finished-at="2026-04-22T12:32:42 IST" duration-ms="0" status="PASS">
          <params>
            <param index="0">
              <value>
                <![CDATA[[TestResult name=loginSmokeTest status=SUCCESS method=LoginTest.loginSmokeTest()[pri:-2147483648, instance:com.qa.usermanagement.tests.LoginTest@5f354bcf] output=usnElementFlag is true |checkUsnElementDisplayed passed]]]>
              </value>
            </param>
          </params>
          <reporter-output>
          </reporter-output>
        </test-method> <!-- attachScreenshot -->
        <test-method signature="validateLogin()[pri:0, instance:com.qa.usermanagement.tests.LoginTest@5f354bcf]" started-at="2026-04-22T12:32:48 IST" name="validateLogin" finished-at="2026-04-22T12:32:49 IST" depends-on-methods="com.qa.usermanagement.tests.LoginTest.loginSmokeTest" duration-ms="191" status="PASS">
          <reporter-output>
          </reporter-output>
        </test-method> <!-- validateLogin -->
        <test-method is-config="true" signature="attachScreenshot(org.testng.ITestResult)[pri:0, instance:com.qa.usermanagement.tests.LoginTest@5f354bcf]" started-at="2026-04-22T12:32:49 IST" name="attachScreenshot" finished-at="2026-04-22T12:32:49 IST" duration-ms="1" status="PASS">
          <params>
            <param index="0">
              <value>
                <![CDATA[[TestResult name=validateLogin status=SUCCESS method=LoginTest.validateLogin()[pri:0, instance:com.qa.usermanagement.tests.LoginTest@5f354bcf] output={null}]]]>
              </value>
            </param>
          </params>
          <reporter-output>
          </reporter-output>
        </test-method> <!-- attachScreenshot -->
        <test-method is-config="true" signature="tearDownBrowser()[pri:0, instance:com.qa.usermanagement.tests.LoginTest@5f354bcf]" started-at="2026-04-22T12:32:49 IST" name="tearDownBrowser" finished-at="2026-04-22T12:32:49 IST" duration-ms="695" status="PASS">
          <reporter-output>
            <line>
              <![CDATA[Terminating browser after all test classes executed]]>
            </line>
          </reporter-output>
        </test-method> <!-- tearDownBrowser -->
      </class> <!-- com.qa.usermanagement.tests.LoginTest -->
    </test> <!-- Firefox -->
  </suite> <!-- RegressionSuite -->
</testng-results>
