<?xml version="1.0" encoding="UTF-8"?>
<!-- Generated by org.testng.reporters.JUnitReportReporter -->
<testsuite hostname="DESKTOP-7NDNMKO" failures="0" tests="4" name="com.qa.usermanagement.tests.RegisterationTest" time="2.422" errors="0" timestamp="2026-04-22T12:32:49 IST" skipped="0">
  <testcase classname="com.qa.usermanagement.tests.RegisterationTest" name="registationPgSmokeTest" time="0.529">
    <system-out>
      <![CDATA[checkUsnElementDisplayed | Passed
checkUsnElementENabled | Passed]]>
    </system-out>
  </testcase> <!-- registationPgSmokeTest -->
  <testcase classname="com.qa.usermanagement.tests.RegisterationTest" name="registationPgSmokeTest" time="0.265">
    <system-out>
      <![CDATA[checkUsnElementDisplayed | Passed
checkUsnElementENabled | Passed]]>
    </system-out>
  </testcase> <!-- registationPgSmokeTest -->
  <testcase classname="com.qa.usermanagement.tests.RegisterationTest" name="createUser" time="0.340">
    <system-out>
      <![CDATA[The entered is :userName :lonnie.fadelfullName :Mrs. Dalene Jacobiemail :betsey.cormier@hotmail.compassword :8^%TS5&
Text value of registrationSuccess isRegistration Successfully]]>
    </system-out>
  </testcase> <!-- createUser -->
  <testcase classname="com.qa.usermanagement.tests.RegisterationTest" name="createUser" time="1.288">
    <system-out>
      <![CDATA[The entered is :userName :duane.bergefullName :Venetta Kovacekemail :houston.rutherford@gmail.compassword :*#yAzQ
Text value of registrationSuccess isRegistration Successfully]]>
    </system-out>
  </testcase> <!-- createUser -->
  <system-out>
    <![CDATA[The passed browser name ischrome
The passed browser name isfirefox
Running chrome browser in private mode
Running firefox browser in headless mode
Running firefox browser in private mode
The entered url ishttps://demoapps.qspiders.com/user-management/login
The entered url ishttps://demoapps.qspiders.com/user-management/login
usnElementFlag is true |checkUsnElementDisplayed passed
pswElementFlag is true |checkPswElementDisplayed passed
loginElementFlag is true |checkLoginElementDisplayed passed
createAccElementFlag is true |checkCreateAccElementDisplayed passed
usnElementFlag1 is true |checkUsnElementEnabled passed
pswElementFlag1 is true |checkPswElementEnabled passed
loginElementFlag1 is true |checkLoginElementEnabled passed
createAccElementFlag1 is true |checkCreateAccElementEnabled passed
The passed browser name ischrome
Running chrome browser in private mode
The entered url ishttps://demoapps.qspiders.com/user-management/login
usnElementFlag is true |checkUsnElementDisplayed passed
pswElementFlag is true |checkPswElementDisplayed passed
loginElementFlag is true |checkLoginElementDisplayed passed
createAccElementFlag is true |checkCreateAccElementDisplayed passed
usnElementFlag1 is true |checkUsnElementEnabled passed
pswElementFlag1 is true |checkPswElementEnabled passed
loginElementFlag1 is true |checkLoginElementEnabled passed
createAccElementFlag1 is true |checkCreateAccElementEnabled passed
The passed browser name isfirefox
Running firefox browser in headless mode
Running firefox browser in private mode
checkUsnElementDisplayed | Passed
checkUsnElementENabled | Passed
The entered is :userName :duane.bergefullName :Venetta Kovacekemail :houston.rutherford@gmail.compassword :*#yAzQ
The entered url ishttps://demoapps.qspiders.com/user-management/login
Text value of registrationSuccess isRegistration Successfully
Terminating browser after all test classes executed
Terminating browser after all test classes executed
checkUsnElementDisplayed | Passed
checkUsnElementENabled | Passed
The entered is :userName :lonnie.fadelfullName :Mrs. Dalene Jacobiemail :betsey.cormier@hotmail.compassword :8^%TS5&
Text value of registrationSuccess isRegistration Successfully
Terminating browser after all test classes executed
Terminating browser after all test classes executed]]>
  </system-out>
</testsuite> <!-- com.qa.usermanagement.tests.RegisterationTest -->
