<?xml version="1.0" encoding="UTF-8"?>
<!-- Generated by org.testng.reporters.JUnitReportReporter -->
<testsuite hostname="MSI" failures="0" tests="2" name="com.qa.usermanagement.tests.LoginTest" time="0.959" errors="0" timestamp="2026-05-06T11:15:36 IST" skipped="0">
  <testcase classname="com.qa.usermanagement.tests.LoginTest" name="loginSmokeTest" time="0.480">
    <system-out>
      <![CDATA[usnElementFlag is true |checkUsnElementDisplayed passed
pswElementFlag is true |checkPswElementDisplayed passed
loginElementFlag is true |checkLoginElementDisplayed passed
createAccElementFlag is true |checkCreateAccElementDisplayed passed
usnElementFlag1 is true |checkUsnElementEnabled passed
pswElementFlag1 is true |checkPswElementEnabled passed
loginElementFlag1 is true |checkLoginElementEnabled passed
createAccElementFlag1 is true |checkCreateAccElementEnabled passed]]>
    </system-out>
  </testcase> <!-- loginSmokeTest -->
  <testcase classname="com.qa.usermanagement.tests.LoginTest" name="validateLogin" time="0.479"/>
  <system-out>
    <![CDATA[The passed browser name ischrome
Running chrome browser in headless mode
The entered url ishttps://demoapps.qspiders.com/user-management/login
usnElementFlag is true |checkUsnElementDisplayed passed
pswElementFlag is true |checkPswElementDisplayed passed
loginElementFlag is true |checkLoginElementDisplayed passed
createAccElementFlag is true |checkCreateAccElementDisplayed passed
usnElementFlag1 is true |checkUsnElementEnabled passed
pswElementFlag1 is true |checkPswElementEnabled passed
loginElementFlag1 is true |checkLoginElementEnabled passed
createAccElementFlag1 is true |checkCreateAccElementEnabled passed
Terminating browser after all test classes executed
The passed browser name ischrome
Running chrome browser in headless mode
The entered url ishttps://demoapps.qspiders.com/user-management/login
checkUsnElementDisplayed | Passed
checkUsnElementENabled | Passed
The entered is :userName :leopoldo.skilesfullName :Dr. Jorge Ratkeemail :gilberte.koepp@yahoo.compassword :5ORAA3N
Text value of registrationSuccess isRegistration Successfully
Terminating browser after all test classes executed]]>
  </system-out>
</testsuite> <!-- com.qa.usermanagement.tests.LoginTest -->
